<?xml version="1.0" encoding="UTF-8"?>
<!-- Generated by org.testng.reporters.JUnitXMLReporter -->
<testsuite ignored="0" hostname="Brajeshs-MacBook-Air.local" failures="1" tests="4" name="Test" time="8.121" errors="0" timestamp="2024-10-11T15:01:30 IST">
  <testcase classname="Bizportals.TestCases.WebPartsTestCases.TestBizportalsHeadliner" name="createNewEntry" time="1.411">
    <failure type="org.openqa.selenium.WebDriverException" message="unknown error: net::ERR_NAME_NOT_RESOLVED
  (Session info: chrome=129.0.6668.91)
Build info: version: &amp;apos;4.18.1&amp;apos;, revision: &amp;apos;b1d3319b48&amp;apos;
System info: os.name: &amp;apos;Mac OS X&amp;apos;, os.arch: &amp;apos;aarch64&amp;apos;, os.version: &amp;apos;15.0.1&amp;apos;, java.version: &amp;apos;21.0.4&amp;apos;
Driver info: org.openqa.selenium.chrome.ChromeDriver
Command: [ade68a08b455be5bf91bbb494580eb21, get {url=https://m365x72141392.sharepoint.com/sites/QA-Brajesh/SitePages/Testing.aspx}]
Capabilities {acceptInsecureCerts: false, browserName: chrome, browserVersion: 129.0.6668.91, chrome: {chromedriverVersion: 129.0.6668.100 (cf58cba358d..., userDataDir: /var/folders/50/gh0cchkj1f3...}, fedcm:accounts: true, goog:chromeOptions: {debuggerAddress: localhost:51818}, networkConnectionEnabled: false, pageLoadStrategy: normal, platformName: mac, proxy: Proxy(), se:cdp: ws://localhost:51818/devtoo..., se:cdpVersion: 129.0.6668.91, setWindowRect: true, strictFileInteractability: false, timeouts: {implicit: 0, pageLoad: 300000, script: 30000}, unhandledPromptBehavior: dismiss and notify, webauthn:extension:credBlob: true, webauthn:extension:largeBlob: true, webauthn:extension:minPinLength: true, webauthn:extension:prf: true, webauthn:virtualAuthenticators: true}
Session ID: ade68a08b455be5bf91bbb494580eb21">
      <![CDATA[org.openqa.selenium.WebDriverException: unknown error: net::ERR_NAME_NOT_RESOLVED
  (Session info: chrome=129.0.6668.91)
Build info: version: '4.18.1', revision: 'b1d3319b48'
System info: os.name: 'Mac OS X', os.arch: 'aarch64', os.version: '15.0.1', java.version: '21.0.4'
Driver info: org.openqa.selenium.chrome.ChromeDriver
Command: [ade68a08b455be5bf91bbb494580eb21, get {url=https://m365x72141392.sharepoint.com/sites/QA-Brajesh/SitePages/Testing.aspx}]
Capabilities {acceptInsecureCerts: false, browserName: chrome, browserVersion: 129.0.6668.91, chrome: {chromedriverVersion: 129.0.6668.100 (cf58cba358d..., userDataDir: /var/folders/50/gh0cchkj1f3...}, fedcm:accounts: true, goog:chromeOptions: {debuggerAddress: localhost:51818}, networkConnectionEnabled: false, pageLoadStrategy: normal, platformName: mac, proxy: Proxy(), se:cdp: ws://localhost:51818/devtoo..., se:cdpVersion: 129.0.6668.91, setWindowRect: true, strictFileInteractability: false, timeouts: {implicit: 0, pageLoad: 300000, script: 30000}, unhandledPromptBehavior: dismiss and notify, webauthn:extension:credBlob: true, webauthn:extension:largeBlob: true, webauthn:extension:minPinLength: true, webauthn:extension:prf: true, webauthn:virtualAuthenticators: true}
Session ID: ade68a08b455be5bf91bbb494580eb21
at org.openqa.selenium.remote.ErrorCodec.decode(ErrorCodec.java:167)
at org.openqa.selenium.remote.codec.w3c.W3CHttpResponseCodec.decode(W3CHttpResponseCodec.java:138)
at org.openqa.selenium.remote.codec.w3c.W3CHttpResponseCodec.decode(W3CHttpResponseCodec.java:50)
at org.openqa.selenium.remote.HttpCommandExecutor.execute(HttpCommandExecutor.java:190)
at org.openqa.selenium.remote.service.DriverCommandExecutor.invokeExecute(DriverCommandExecutor.java:216)
at org.openqa.selenium.remote.service.DriverCommandExecutor.execute(DriverCommandExecutor.java:174)
at org.openqa.selenium.remote.RemoteWebDriver.execute(RemoteWebDriver.java:519)
at org.openqa.selenium.remote.RemoteWebDriver.get(RemoteWebDriver.java:301)
at Bizportals.BaseTest.BaseTest.goToApplication(BaseTest.java:19)
at Bizportals.TestCases.WebPartsTestCases.TestBizportalsHeadliner.createNewEntry(TestBizportalsHeadliner.java:18)
at java.base/java.util.ArrayList.forEach(ArrayList.java:1596)
... Removed 28 stack frames]]>
    </failure>
  </testcase> <!-- createNewEntry -->
  <testcase classname="Bizportals.TestCases.WebPartsTestCases.TestBizportalsHeadliner" name="editEntry" time="0.0">
    <skipped/>
  </testcase> <!-- editEntry -->
  <testcase classname="Bizportals.TestCases.WebPartsTestCases.TestBizportalsHeadliner" name="editEntryViewForm" time="0.0">
    <skipped/>
  </testcase> <!-- editEntryViewForm -->
  <testcase classname="Bizportals.TestCases.WebPartsTestCases.TestBizportalsHeadliner" name="deleteEntry" time="0.0">
    <skipped/>
  </testcase> <!-- deleteEntry -->
</testsuite> <!-- Test -->
